2023-01-19 00:17:19 [@DESKTOP-IALN27L]
[login] 3: glpi se connecte depuis l'IP ::1
2023-01-19 00:39:13 [@DESKTOP-IALN27L]
[login] 3: glpi se connecte depuis l'IP ::1
2023-01-19 01:50:12 [@DESKTOP-IALN27L]
[login] 3: glpi se connecte depuis l'IP ::1
2023-01-19 08:20:51 [@DESKTOP-IALN27L]
[login] 3: glpi se connecte depuis l'IP 192.168.6.126
2023-01-19 09:23:22 [@DESKTOP-IALN27L]
[login] 3: glpi se connecte depuis l'IP ::1
2023-01-30 07:41:00 [@DESKTOP-IALN27L]
[login] 3: normal se connecte depuis l'IP ::1
2023-01-30 07:44:01 [@DESKTOP-IALN27L]
[login] 3: Connexion échouée de glpi depuis l'IP ::1
2023-01-30 07:44:18 [@DESKTOP-IALN27L]
[login] 3: glpi se connecte depuis l'IP ::1
2023-01-30 07:48:57 [@DESKTOP-IALN27L]
[login] 3: glpi se connecte depuis l'IP ::1
2023-01-30 07:51:14 [@DESKTOP-IALN27L]
[login] 3: normal se connecte depuis l'IP ::1
2023-01-30 07:52:38 [@DESKTOP-IALN27L]
[login] 3: glpi se connecte depuis l'IP ::1
